c:\users\lab8308\desktop\cg\baseappopengl\baseappopengl\baseappopengl\debug\vc143.pdb
c:\users\lab8308\desktop\cg\baseappopengl\baseappopengl\baseappopengl\debug\vc143.idb
c:\users\lab8308\desktop\cg\baseappopengl\baseappopengl\baseappopengl\debug\scenemanager.obj
c:\users\lab8308\desktop\cg\baseappopengl\baseappopengl\baseappopengl\debug\scenebaseclass.obj
c:\users\lab8308\desktop\cg\baseappopengl\baseappopengl\baseappopengl\debug\scene3.obj
c:\users\lab8308\desktop\cg\baseappopengl\baseappopengl\baseappopengl\debug\scene2.obj
c:\users\lab8308\desktop\cg\baseappopengl\baseappopengl\baseappopengl\debug\scene1.obj
c:\users\lab8308\desktop\cg\baseappopengl\baseappopengl\baseappopengl\debug\math3d.obj
c:\users\lab8308\desktop\cg\baseappopengl\baseappopengl\baseappopengl\debug\main.obj
c:\users\lab8308\desktop\cg\baseappopengl\baseappopengl\baseappopengl\debug\helpers.obj
c:\users\lab8308\desktop\cg\baseappopengl\baseappopengl\baseappopengl\debug\gltexture.obj
c:\users\lab8308\desktop\cg\baseappopengl\baseappopengl\baseappopengl\debug\ctimer.obj
c:\users\lab8308\desktop\cg\baseappopengl\baseappopengl\baseappopengl\debug\ctexture.obj
c:\users\lab8308\desktop\cg\baseappopengl\baseappopengl\baseappopengl\debug\ctexto.obj
c:\users\lab8308\desktop\cg\baseappopengl\baseappopengl\baseappopengl\debug\cterreno.obj
c:\users\lab8308\desktop\cg\baseappopengl\baseappopengl\baseappopengl\debug\cshadermanager.obj
c:\users\lab8308\desktop\cg\baseappopengl\baseappopengl\baseappopengl\debug\cmodel_3ds.obj
c:\users\lab8308\desktop\cg\baseappopengl\baseappopengl\baseappopengl\debug\cmaterial.obj
c:\users\lab8308\desktop\cg\baseappopengl\baseappopengl\baseappopengl\debug\ccamera.obj
c:\users\lab8308\desktop\cg\baseappopengl\baseappopengl\baseappopengl\debug\scenehouse.obj
c:\users\lab8308\desktop\cg\baseappopengl\baseappopengl\debug\baseappopengl.exe
c:\users\lab8308\desktop\cg\baseappopengl\baseappopengl\debug\baseappopengl.pdb
c:\users\lab8308\desktop\cg\baseappopengl\baseappopengl\baseappopengl\debug\baseappopengl.ilk
c:\users\lab8308\desktop\cg\baseappopengl\baseappopengl\baseappopengl\debug\baseappopengl.tlog\cl.command.1.tlog
c:\users\lab8308\desktop\cg\baseappopengl\baseappopengl\baseappopengl\debug\baseappopengl.tlog\cl.items.tlog
c:\users\lab8308\desktop\cg\baseappopengl\baseappopengl\baseappopengl\debug\baseappopengl.tlog\cl.read.1.tlog
c:\users\lab8308\desktop\cg\baseappopengl\baseappopengl\baseappopengl\debug\baseappopengl.tlog\cl.write.1.tlog
c:\users\lab8308\desktop\cg\baseappopengl\baseappopengl\baseappopengl\debug\baseappopengl.tlog\link.command.1.tlog
c:\users\lab8308\desktop\cg\baseappopengl\baseappopengl\baseappopengl\debug\baseappopengl.tlog\link.read.1.tlog
c:\users\lab8308\desktop\cg\baseappopengl\baseappopengl\baseappopengl\debug\baseappopengl.tlog\link.secondary.1.tlog
c:\users\lab8308\desktop\cg\baseappopengl\baseappopengl\baseappopengl\debug\baseappopengl.tlog\link.write.1.tlog
